<?xml version="1.0" encoding="UTF-8"?>
<!-- Generated by org.testng.reporters.JUnitXMLReporter -->
<testsuite hostname="Boris-PC" ignored="0" name="month addition" tests="1" failures="1" timestamp="05 Sep 2018 21:57:29 GMT" time="42.164" errors="0">
  <testcase name="AddNewMonth" time="17.369" classname="tests.SingleMonthAdditionTest">
    <failure type="org.openqa.selenium.NoSuchElementException" message="An element could not be located on the page using the given search parameters.
For documentation on this error, please visit: http://seleniumhq.org/exceptions/no_such_element.html
Build info: version: &amp;apos;3.11.0&amp;apos;, revision: &amp;apos;e59cfb3&amp;apos;, time: &amp;apos;2018-03-11T20:26:55.152Z&amp;apos;
System info: host: &amp;apos;BORIS-PC&amp;apos;, ip: &amp;apos;192.168.0.101&amp;apos;, os.name: &amp;apos;Windows 7&amp;apos;, os.arch: &amp;apos;amd64&amp;apos;, os.version: &amp;apos;6.1&amp;apos;, java.version: &amp;apos;1.8.0_111&amp;apos;
Driver info: io.appium.java_client.android.AndroidDriver
Capabilities {appActivity: com.example.boris.myandroid..., appPackage: com.example.boris.myandroidapp, databaseEnabled: false, desired: {appActivity: com.example.boris.myandroid..., appPackage: com.example.boris.myandroidapp, deviceName: Android, platformName: android}, deviceManufacturer: motorola, deviceModel: Moto C Plus, deviceName: ZZ222348WV, deviceScreenSize: 720x1280, deviceUDID: ZZ222348WV, javascriptEnabled: true, locationContextEnabled: false, networkConnectionEnabled: true, platform: LINUX, platformName: LINUX, platformVersion: 7.0, takesScreenshot: true, warnings: {}, webStorageEnabled: false}
Session ID: 7312cafe-30a7-493c-a30b-a30cf0eb8ae1
*** Element info: {Using=id, value=com.example.boris.myandroidapp:id/spinnerMonth}">
      <![CDATA[org.openqa.selenium.NoSuchElementException: An element could not be located on the page using the given search parameters.
For documentation on this error, please visit: http://seleniumhq.org/exceptions/no_such_element.html
Build info: version: '3.11.0', revision: 'e59cfb3', time: '2018-03-11T20:26:55.152Z'
System info: host: 'BORIS-PC', ip: '192.168.0.101', os.name: 'Windows 7', os.arch: 'amd64', os.version: '6.1', java.version: '1.8.0_111'
Driver info: io.appium.java_client.android.AndroidDriver
Capabilities {appActivity: com.example.boris.myandroid..., appPackage: com.example.boris.myandroidapp, databaseEnabled: false, desired: {appActivity: com.example.boris.myandroid..., appPackage: com.example.boris.myandroidapp, deviceName: Android, platformName: android}, deviceManufacturer: motorola, deviceModel: Moto C Plus, deviceName: ZZ222348WV, deviceScreenSize: 720x1280, deviceUDID: ZZ222348WV, javascriptEnabled: true, locationContextEnabled: false, networkConnectionEnabled: true, platform: LINUX, platformName: LINUX, platformVersion: 7.0, takesScreenshot: true, warnings: {}, webStorageEnabled: false}
Session ID: 7312cafe-30a7-493c-a30b-a30cf0eb8ae1
*** Element info: {Using=id, value=com.example.boris.myandroidapp:id/spinnerMonth}
at org.openqa.selenium.remote.http.W3CHttpResponseCodec.createException(W3CHttpResponseCodec.java:187)
at org.openqa.selenium.remote.http.W3CHttpResponseCodec.decode(W3CHttpResponseCodec.java:122)
at org.openqa.selenium.remote.http.W3CHttpResponseCodec.decode(W3CHttpResponseCodec.java:49)
at org.openqa.selenium.remote.HttpCommandExecutor.execute(HttpCommandExecutor.java:158)
at io.appium.java_client.remote.AppiumCommandExecutor.execute(AppiumCommandExecutor.java:129)
at org.openqa.selenium.remote.RemoteWebDriver.execute(RemoteWebDriver.java:545)
at io.appium.java_client.DefaultGenericMobileDriver.execute(DefaultGenericMobileDriver.java:42)
at io.appium.java_client.AppiumDriver.execute(AppiumDriver.java:1)
at io.appium.java_client.android.AndroidDriver.execute(AndroidDriver.java:1)
at org.openqa.selenium.remote.RemoteWebDriver.findElement(RemoteWebDriver.java:319)
at io.appium.java_client.DefaultGenericMobileDriver.findElement(DefaultGenericMobileDriver.java:62)
at io.appium.java_client.AppiumDriver.findElement(AppiumDriver.java:1)
at io.appium.java_client.android.AndroidDriver.findElement(AndroidDriver.java:1)
at org.openqa.selenium.remote.RemoteWebDriver.findElementById(RemoteWebDriver.java:365)
at io.appium.java_client.DefaultGenericMobileDriver.findElementById(DefaultGenericMobileDriver.java:70)
at io.appium.java_client.AppiumDriver.findElementById(AppiumDriver.java:1)
at io.appium.java_client.android.AndroidDriver.findElementById(AndroidDriver.java:1)
at infrastructure.AddMonthDialog.<init>(AddMonthDialog.java:26)
at infrastructure.MonthsCustomersManagementScreen.automaticallyAddNewMonth(MonthsCustomersManagementScreen.java:73)
at tests.SingleMonthAdditionTest.AddNewMonth(SingleMonthAdditionTest.java:40)
at com.intellij.rt.execution.application.AppMain.main(AppMain.java:147)
... Removed 32 stack frames]]>
    </failure>
  </testcase> <!-- AddNewMonth -->
</testsuite> <!-- month addition -->
