<?xml version="1.0" encoding="UTF-8"?>
<testng-results skipped="0" failed="0" ignored="0" total="6" passed="6">
  <reporter-output>
    <line>
      <![CDATA[<b>Now testing: Management screen layout<b>]]>
    </line>
    <line>
      <![CDATA[<b><font color="green">PASSED: </font></b>The layout of Management screen is correct. All the main controls are present.]]>
    </line>
    <line>
      <![CDATA[<b>Now testing: Add Month dialog layout<b>]]>
    </line>
    <line>
      <![CDATA[<b><font color="green">PASSED: </font></b>The layout of 'Add Month Dialog' is correct. All the main controls are present.]]>
    </line>
    <line>
      <![CDATA[<b>Now testing: Months list content on the add month dialog<b>]]>
    </line>
    <line>
      <![CDATA[<b><font color="green">PASSED: </font></b> Months list on the 'Add Month Dialog' contains the correct elements: [Jan, Feb, Mar, Apr, May, Jun, Jul, Aug, Sep, Oct, Nov, Dec]]]>
    </line>
    <line>
      <![CDATA[<b>Now testing: Years list content on the add month dialog<b>]]>
    </line>
    <line>
      <![CDATA[<b><font color="green">PASSED: </font></b>Months list on the 'Add Month Dialog' contains the correct elements: [2018, 2019, 2020]]]>
    </line>
    <line>
      <![CDATA[<b>Now testing: New Month Addition<b>]]>
    </line>
    <line>
      <![CDATA[Target month/ year to look for: Sep, 2019]]>
    </line>
    <line>
      <![CDATA[Month list item at index 0 returned: Sep 2019(1)]]>
    </line>
    <line>
      <![CDATA[<b>Now testing: Multiple Month Addition<b>]]>
    </line>
    <line>
      <![CDATA[First target month/ year to look for: Mar, 2020]]>
    </line>
    <line>
      <![CDATA[Received month and year: Mar 2020(1)]]>
    </line>
    <line>
      <![CDATA[Second target month/ year to look for: Dec, 2018]]>
    </line>
    <line>
      <![CDATA[Received month and year: Dec 2018(2)]]>
    </line>
    <line>
      <![CDATA[Third target month/ year to look for: Sep, 2019]]>
    </line>
    <line>
      <![CDATA[Received month and year: Sep 2019(3)]]>
    </line>
  </reporter-output>
  <suite name="FullTest" duration-ms="166175" started-at="2018-09-06T20:36:40Z" finished-at="2018-09-06T20:39:26Z">
    <groups>
    </groups>
    <test name="Test initial layout" duration-ms="23575" started-at="2018-09-06T20:36:40Z" finished-at="2018-09-06T20:37:04Z">
      <class name="tests.LayoutTest">
        <test-method status="PASS" signature="setupTest()[pri:0, instance:tests.LayoutTest@7ca48474]" name="setupTest" is-config="true" duration-ms="17530" started-at="2018-09-06T20:36:40Z" finished-at="2018-09-06T20:36:58Z">
          <reporter-output>
          </reporter-output>
        </test-method> <!-- setupTest -->
        <test-method status="PASS" signature="testLayout()[pri:0, instance:tests.LayoutTest@7ca48474]" name="testLayout" duration-ms="888" started-at="2018-09-06T20:36:58Z" finished-at="2018-09-06T20:36:59Z">
          <reporter-output>
            <line>
              <![CDATA[<b>Now testing: Management screen layout<b>]]>
            </line>
            <line>
              <![CDATA[<b><font color="green">PASSED: </font></b>The layout of Management screen is correct. All the main controls are present.]]>
            </line>
          </reporter-output>
        </test-method> <!-- testLayout -->
        <test-method status="PASS" signature="wrapUp()[pri:0, instance:tests.LayoutTest@7ca48474]" name="wrapUp" is-config="true" duration-ms="5144" started-at="2018-09-06T20:36:59Z" finished-at="2018-09-06T20:37:04Z">
          <reporter-output>
          </reporter-output>
        </test-method> <!-- wrapUp -->
      </class> <!-- tests.LayoutTest -->
    </test> <!-- Test initial layout -->
    <test name="Test Add Month Layout" duration-ms="23182" started-at="2018-09-06T20:37:04Z" finished-at="2018-09-06T20:37:27Z">
      <class name="tests.AddMonthDialogLayoutTest">
        <test-method status="PASS" signature="setupTest()[pri:0, instance:tests.AddMonthDialogLayoutTest@1810399e]" name="setupTest" is-config="true" duration-ms="16451" started-at="2018-09-06T20:37:04Z" finished-at="2018-09-06T20:37:20Z">
          <reporter-output>
          </reporter-output>
        </test-method> <!-- setupTest -->
        <test-method status="PASS" signature="verifyAddMonthDialogLayout()[pri:0, instance:tests.AddMonthDialogLayoutTest@1810399e]" name="verifyAddMonthDialogLayout" duration-ms="2014" started-at="2018-09-06T20:37:20Z" finished-at="2018-09-06T20:37:22Z">
          <reporter-output>
            <line>
              <![CDATA[<b>Now testing: Add Month dialog layout<b>]]>
            </line>
            <line>
              <![CDATA[<b><font color="green">PASSED: </font></b>The layout of 'Add Month Dialog' is correct. All the main controls are present.]]>
            </line>
          </reporter-output>
        </test-method> <!-- verifyAddMonthDialogLayout -->
        <test-method status="PASS" signature="wrapUp()[pri:0, instance:tests.AddMonthDialogLayoutTest@1810399e]" name="wrapUp" is-config="true" duration-ms="4715" started-at="2018-09-06T20:37:22Z" finished-at="2018-09-06T20:37:27Z">
          <reporter-output>
          </reporter-output>
        </test-method> <!-- wrapUp -->
      </class> <!-- tests.AddMonthDialogLayoutTest -->
    </test> <!-- Test Add Month Layout -->
    <test name="Test Months List" duration-ms="24889" started-at="2018-09-06T20:37:27Z" finished-at="2018-09-06T20:37:52Z">
      <class name="tests.AddMonthDialogMonthListTest">
        <test-method status="PASS" signature="setupTest()[pri:0, instance:tests.AddMonthDialogMonthListTest@56f4468b]" name="setupTest" is-config="true" duration-ms="16701" started-at="2018-09-06T20:37:27Z" finished-at="2018-09-06T20:37:44Z">
          <reporter-output>
          </reporter-output>
        </test-method> <!-- setupTest -->
        <test-method status="PASS" signature="verifyThatMonthsListIsCorrect()[pri:0, instance:tests.AddMonthDialogMonthListTest@56f4468b]" name="verifyThatMonthsListIsCorrect" duration-ms="3175" started-at="2018-09-06T20:37:44Z" finished-at="2018-09-06T20:37:47Z">
          <reporter-output>
            <line>
              <![CDATA[<b>Now testing: Months list content on the add month dialog<b>]]>
            </line>
            <line>
              <![CDATA[<b><font color="green">PASSED: </font></b> Months list on the 'Add Month Dialog' contains the correct elements: [Jan, Feb, Mar, Apr, May, Jun, Jul, Aug, Sep, Oct, Nov, Dec]]]>
            </line>
          </reporter-output>
        </test-method> <!-- verifyThatMonthsListIsCorrect -->
        <test-method status="PASS" signature="wrapUp()[pri:0, instance:tests.AddMonthDialogMonthListTest@56f4468b]" name="wrapUp" is-config="true" duration-ms="5013" started-at="2018-09-06T20:37:47Z" finished-at="2018-09-06T20:37:52Z">
          <reporter-output>
          </reporter-output>
        </test-method> <!-- wrapUp -->
      </class> <!-- tests.AddMonthDialogMonthListTest -->
    </test> <!-- Test Months List -->
    <test name="Test Years List" duration-ms="26983" started-at="2018-09-06T20:37:52Z" finished-at="2018-09-06T20:38:19Z">
      <class name="tests.AddMonthsDialogYearsListTest">
        <test-method status="PASS" signature="setupTest()[pri:0, instance:tests.AddMonthsDialogYearsListTest@6d00a15d]" name="setupTest" is-config="true" duration-ms="16635" started-at="2018-09-06T20:37:52Z" finished-at="2018-09-06T20:38:09Z">
          <reporter-output>
          </reporter-output>
        </test-method> <!-- setupTest -->
        <test-method status="PASS" signature="checkYearsList()[pri:0, instance:tests.AddMonthsDialogYearsListTest@6d00a15d]" name="checkYearsList" duration-ms="5153" started-at="2018-09-06T20:38:09Z" finished-at="2018-09-06T20:38:14Z">
          <reporter-output>
            <line>
              <![CDATA[<b>Now testing: Years list content on the add month dialog<b>]]>
            </line>
            <line>
              <![CDATA[<b><font color="green">PASSED: </font></b>Months list on the 'Add Month Dialog' contains the correct elements: [2018, 2019, 2020]]]>
            </line>
          </reporter-output>
        </test-method> <!-- checkYearsList -->
        <test-method status="PASS" signature="wrapUp()[pri:0, instance:tests.AddMonthsDialogYearsListTest@6d00a15d]" name="wrapUp" is-config="true" duration-ms="5194" started-at="2018-09-06T20:38:14Z" finished-at="2018-09-06T20:38:19Z">
          <reporter-output>
          </reporter-output>
        </test-method> <!-- wrapUp -->
      </class> <!-- tests.AddMonthsDialogYearsListTest -->
    </test> <!-- Test Years List -->
    <test name="Test Single Month Addition" duration-ms="28169" started-at="2018-09-06T20:38:19Z" finished-at="2018-09-06T20:38:47Z">
      <class name="tests.SingleMonthAdditionTest">
        <test-method status="PASS" signature="setupTest()[pri:0, instance:tests.SingleMonthAdditionTest@62ee68d8]" name="setupTest" is-config="true" duration-ms="16583" started-at="2018-09-06T20:38:19Z" finished-at="2018-09-06T20:38:36Z">
          <reporter-output>
          </reporter-output>
        </test-method> <!-- setupTest -->
        <test-method status="PASS" signature="AddNewMonth()[pri:0, instance:tests.SingleMonthAdditionTest@62ee68d8]" name="AddNewMonth" duration-ms="6594" started-at="2018-09-06T20:38:36Z" finished-at="2018-09-06T20:38:42Z">
          <reporter-output>
            <line>
              <![CDATA[<b>Now testing: New Month Addition<b>]]>
            </line>
            <line>
              <![CDATA[Target month/ year to look for: Sep, 2019]]>
            </line>
            <line>
              <![CDATA[Month list item at index 0 returned: Sep 2019(1)]]>
            </line>
          </reporter-output>
        </test-method> <!-- AddNewMonth -->
        <test-method status="PASS" signature="wrapUp()[pri:0, instance:tests.SingleMonthAdditionTest@62ee68d8]" name="wrapUp" is-config="true" duration-ms="4992" started-at="2018-09-06T20:38:42Z" finished-at="2018-09-06T20:38:47Z">
          <reporter-output>
          </reporter-output>
        </test-method> <!-- wrapUp -->
      </class> <!-- tests.SingleMonthAdditionTest -->
    </test> <!-- Test Single Month Addition -->
    <test name="Test Multiple Months Addition" duration-ms="39312" started-at="2018-09-06T20:38:47Z" finished-at="2018-09-06T20:39:26Z">
      <class name="tests.MultipleMonthsAdditionTest">
        <test-method status="PASS" signature="setupTest()[pri:0, instance:tests.MultipleMonthsAdditionTest@4f933fd1]" name="setupTest" is-config="true" duration-ms="16411" started-at="2018-09-06T20:38:47Z" finished-at="2018-09-06T20:39:04Z">
          <reporter-output>
          </reporter-output>
        </test-method> <!-- setupTest -->
        <test-method status="PASS" signature="runMultipleMonthsAdditionTest()[pri:0, instance:tests.MultipleMonthsAdditionTest@4f933fd1]" name="runMultipleMonthsAdditionTest" duration-ms="18010" started-at="2018-09-06T20:39:04Z" finished-at="2018-09-06T20:39:22Z">
          <reporter-output>
            <line>
              <![CDATA[<b>Now testing: Multiple Month Addition<b>]]>
            </line>
            <line>
              <![CDATA[First target month/ year to look for: Mar, 2020]]>
            </line>
            <line>
              <![CDATA[Received month and year: Mar 2020(1)]]>
            </line>
            <line>
              <![CDATA[Second target month/ year to look for: Dec, 2018]]>
            </line>
            <line>
              <![CDATA[Received month and year: Dec 2018(2)]]>
            </line>
            <line>
              <![CDATA[Third target month/ year to look for: Sep, 2019]]>
            </line>
            <line>
              <![CDATA[Received month and year: Sep 2019(3)]]>
            </line>
          </reporter-output>
        </test-method> <!-- runMultipleMonthsAdditionTest -->
        <test-method status="PASS" signature="wrapUp()[pri:0, instance:tests.MultipleMonthsAdditionTest@4f933fd1]" name="wrapUp" is-config="true" duration-ms="4889" started-at="2018-09-06T20:39:22Z" finished-at="2018-09-06T20:39:26Z">
          <reporter-output>
          </reporter-output>
        </test-method> <!-- wrapUp -->
      </class> <!-- tests.MultipleMonthsAdditionTest -->
    </test> <!-- Test Multiple Months Addition -->
  </suite> <!-- FullTest -->
</testng-results>
