<?xml version="1.0" encoding="UTF-8"?>
<testng-results skipped="0" failed="0" ignored="0" total="1" passed="1">
  <reporter-output>
  </reporter-output>
  <suite name="FullTest" duration-ms="44494" started-at="2018-09-27T15:13:45Z" finished-at="2018-09-27T15:14:29Z">
    <groups>
    </groups>
    <test name="verify customer creation dialog layout" duration-ms="44494" started-at="2018-09-27T15:13:45Z" finished-at="2018-09-27T15:14:29Z">
      <class name="tests.T2_2VerifyThatLayoutOfCustomerCreationDialogIsCorrect">
        <test-method status="PASS" signature="setupTest()[pri:0, instance:tests.T2_2VerifyThatLayoutOfCustomerCreationDialogIsCorrect@337d0578]" name="setupTest" is-config="true" duration-ms="36242" started-at="2018-09-27T15:13:45Z" finished-at="2018-09-27T15:14:21Z">
          <reporter-output>
          </reporter-output>
        </test-method> <!-- setupTest -->
        <test-method status="PASS" signature="verifyThatLayoutOfCustomerCreationDialogIsCorrect()[pri:0, instance:tests.T2_2VerifyThatLayoutOfCustomerCreationDialogIsCorrect@337d0578]" name="verifyThatLayoutOfCustomerCreationDialogIsCorrect" duration-ms="2934" started-at="2018-09-27T15:14:21Z" finished-at="2018-09-27T15:14:24Z">
          <reporter-output>
          </reporter-output>
        </test-method> <!-- verifyThatLayoutOfCustomerCreationDialogIsCorrect -->
        <test-method status="PASS" signature="wrapUp()[pri:0, instance:tests.T2_2VerifyThatLayoutOfCustomerCreationDialogIsCorrect@337d0578]" name="wrapUp" is-config="true" duration-ms="5301" started-at="2018-09-27T15:14:24Z" finished-at="2018-09-27T15:14:29Z">
          <reporter-output>
          </reporter-output>
        </test-method> <!-- wrapUp -->
      </class> <!-- tests.T2_2VerifyThatLayoutOfCustomerCreationDialogIsCorrect -->
    </test> <!-- verify customer creation dialog layout -->
  </suite> <!-- FullTest -->
</testng-results>
