<?xml version="1.0" encoding="UTF-8"?>
<!-- Generated by org.testng.reporters.JUnitReportReporter -->
<testsuite skipped="0" hostname="Boris-PC" name="tests.T1_4VerifyThatYearsListOnAddMonthDialogIsCorrect" tests="1" failures="0" timestamp="24 Sep 2018 19:47:46 GMT" time="2.748" errors="0">
  <testcase name="checkYearsList" time="2.748" classname="tests.T1_4VerifyThatYearsListOnAddMonthDialogIsCorrect"/>
</testsuite> <!-- tests.T1_4VerifyThatYearsListOnAddMonthDialogIsCorrectMonthDialogIsCorrect -->
