<?xml version="1.0" encoding="UTF-8"?>
<!-- Generated by org.testng.reporters.JUnitReportReporter -->
<testsuite skipped="0" hostname="Boris-PC" name="tests.T1_6VerifyThatConsecutiveMonthsAdditionWorksProperly" tests="1" failures="0" timestamp="24 Sep 2018 20:14:38 GMT" time="17.689" errors="0">
  <testcase name="runMultipleMonthsAdditionTest" time="17.689" classname="tests.T1_6VerifyThatConsecutiveMonthsAdditionWorksProperly"/>
</testsuite> <!-- tests.T1_6VerifyThatConsecutiveMonthsAdditionWorksProperly -->
