<?xml version="1.0" encoding="UTF-8"?>
<!-- Generated by org.testng.reporters.JUnitReportReporter -->
<testsuite skipped="0" hostname="Boris-PC" name="tests.T2_2VerifyThatLayoutOfCustomerCreationDialogIsCorrect" tests="1" failures="0" timestamp="27 Sep 2018 15:14:30 GMT" time="2.934" errors="0">
  <testcase name="verifyThatLayoutOfCustomerCreationDialogIsCorrect" time="2.934" classname="tests.T2_2VerifyThatLayoutOfCustomerCreationDialogIsCorrect"/>
</testsuite> <!-- tests.T2_2VerifyThatLayoutOfCustomerCreationDialogIsCorrect -->
