<?xml version="1.0" encoding="UTF-8"?>
<!-- Generated by org.testng.reporters.JUnitReportReporter -->
<testsuite skipped="0" hostname="Boris-PC" name="tests.T1_7VerifyThatUserIsPreventedFromCreatingMultipleMonths" tests="1" failures="0" timestamp="25 Sep 2018 18:36:34 GMT" time="13.251" errors="0">
  <testcase name="TryToCreateDuplicateMonths" time="13.251" classname="tests.T1_7VerifyThatUserIsPreventedFromCreatingMultipleMonths"/>
</testsuite> <!-- tests.T1_7VerifyThatUserIsPreventedFromCreatingMultipleMonths -->
