<?xml version="1.0" encoding="UTF-8"?>
<!-- Generated by org.testng.reporters.JUnitReportReporter -->
<testsuite skipped="0" hostname="Boris-PC" name="tests.T1_7VerifyThatUserIsPreventedFromCreatingMultipleMonths" tests="1" failures="0" timestamp="24 Sep 2018 20:14:38 GMT" time="12.442" errors="0">
  <testcase name="TryToCreateDuplicateMonths" time="12.442" classname="tests.T1_7VerifyThatUserIsPreventedFromCreatingMultipleMonths"/>
</testsuite> <!-- tests.T1_7VerifyThatUserIsPreventedFromCreatingMultipleMonths -->
