<?xml version="1.0" encoding="UTF-8"?>
<!-- Generated by org.testng.reporters.JUnitReportReporter -->
<testsuite skipped="0" hostname="Boris-PC" name="tests.T1_1VerifyThatLayoutOfMonthsCustomerManagementScreenIsCorrect" tests="1" failures="0" timestamp="25 Sep 2018 18:36:34 GMT" time="0.873" errors="0">
  <testcase name="testLayout" time="0.873" classname="tests.T1_1VerifyThatLayoutOfMonthsCustomerManagementScreenIsCorrect"/>
</testsuite> <!-- tests.T1_1VerifyThatLayoutOfMonthsCustomerManagementScreenIsCorrect -->
